This is the LB Lab Hello World Program!
Following this is a series of magic numbers.
69420
69421
69421
69422
69423
69417
69412
69409
69433
69390
69403
69493
69564
69573
69205
68942
68855
67857
66868
73593
70977
75246
84483
90333
113164
10813
54557
258158
382559
448409
900356
1410545
2109993
3459278
5639115
9290725
14868124
24219989
39157509
63177102
102265319
165642817
267977492
433559177
701475569
1134833838
1836247667
2971151309
4807460204
7778803725
12586202701
20364945326
32951348943
53316355401
86267634532
139583928705
225851370969
365435360910
591286662075
956721961237
1548008693244
2504730846757
4052739470581
6557470387150
10610209927063
17167680244401
27777890101620
44945570145497
72723460185441
117669030523246
190392490778531
308061521101309
498454011940940
806515533111581
1304969544860349
2111485077910766
3416454622971519
5527939700951609
8944394323853636
14472334024744017
23416728348405449
37889062373079630
61305790721677419
99194853094818693
160500643816303836
259695496911060917
420196140727425957
679891637638547982
1100087778366166663
1779979416004645345
2880067194370881364
4660046610375596137
7540113804746408081
12200160415121811502
